current directory: /app/.bundle/gems/therubyracer-0.12.2/ext/v8
/usr/local/bin/ruby -r ./siteconf20160626-9-mzzy4.rb extconf.rb
checking for main() in -lpthread... yes
creating Makefile

To see why this extension failed to compile, please check the mkmf.log which can be found here:

  /app/.bundle/extensions/x86_64-linux/2.2.0-static/therubyracer-0.12.2/mkmf.log

current directory: /app/.bundle/gems/therubyracer-0.12.2/ext/v8
make "DESTDIR=" clean

current directory: /app/.bundle/gems/therubyracer-0.12.2/ext/v8
make "DESTDIR="
compiling context.cc
compiling invocation.cc
compiling message.cc
compiling constants.cc
compiling init.cc
compiling v8.cc
compiling constraints.cc
compiling signature.cc
compiling string.cc
compiling array.cc
compiling backref.cc
compiling object.cc
compiling trycatch.cc
compiling function.cc
compiling accessor.cc
compiling locker.cc
compiling rr.cc
compiling date.cc
compiling primitive.cc
compiling gc.cc
compiling stack.cc
compiling exception.cc
compiling template.cc
compiling value.cc
compiling handles.cc
compiling script.cc
compiling heap.cc
compiling external.cc
linking shared-object v8/init.so

current directory: /app/.bundle/gems/therubyracer-0.12.2/ext/v8
make "DESTDIR=" install
/usr/bin/install -c -m 0755 init.so ./.gem.20160626-9-1u30b7m/v8
